<?xml version="1.0" encoding="UTF-8"?>
<!-- Generated by org.testng.reporters.JUnitReportReporter -->
<testsuite hostname="LAPTOP-6OACLVLF" failures="0" tests="1" name="com.AppTestCases.facebook" time="10.586" errors="0" timestamp="2021-10-19T22:01:27 IST" skipped="0">
  <testcase classname="com.AppTestCases.facebook" name="facebookTest" time="10.586"/>
  <system-out/>
</testsuite> <!-- com.AppTestCases.facebook -->
