<?xml version="1.0" encoding="UTF-8"?>
<!-- Generated by org.testng.reporters.JUnitReportReporter -->
<testsuite hostname="LAPTOP-6OACLVLF" failures="0" tests="2" name="com.TestCases.LoginAppService" time="4.297" errors="0" timestamp="2021-10-26T22:01:02 IST" skipped="0">
  <testcase classname="com.TestCases.LoginAppService" name="verify_valid_login" time="3.011"/>
  <system-out/>
  <testcase classname="com.TestCases.LoginAppService" name="verify_Invalid_login" time="1.286"/>
  <system-out/>
</testsuite> <!-- com.TestCases.LoginAppService -->
