<?xml version="1.0" encoding="UTF-8"?>
<!-- Generated by org.testng.reporters.JUnitReportReporter -->
<testsuite hostname="LAPTOP-6OACLVLF" failures="0" tests="1" name="com.TestCases.BasicContactSerivce" time="0.003" errors="0" timestamp="2021-10-22T21:46:40 IST" skipped="0">
  <testcase classname="com.TestCases.BasicContactSerivce" name="verify_basic_contact_form" time="0.003"/>
  <system-out/>
</testsuite> <!-- com.TestCases.BasicContactSerivce -->
