<?xml version="1.0" encoding="UTF-8"?>
<!-- Generated by org.testng.reporters.JUnitReportReporter -->
<testsuite hostname="LAPTOP-6OACLVLF" failures="0" tests="2" name="com.AppTestCases.LoginAppService" time="7.255" errors="0" timestamp="2021-10-22T21:06:55 IST" skipped="0">
  <testcase classname="com.AppTestCases.LoginAppService" name="verify_valid_login" time="6.127"/>
  <system-out/>
  <testcase classname="com.AppTestCases.LoginAppService" name="verify_invalid_login" time="1.128"/>
  <system-out/>
</testsuite> <!-- com.AppTestCases.LoginAppService -->
