<?xml version="1.0" encoding="UTF-8"?>
<!-- Generated by org.testng.reporters.JUnitReportReporter -->
<testsuite skipped="0" hostname="LAPTOP-6OACLVLF" name="com.TestCases.LoginAppService" tests="1" failures="0" timestamp="2021-10-26T21:14:27 IST" time="3.000" errors="0">
  <testcase name="verify_valid_login" time="3.000" classname="com.TestCases.LoginAppService"/>
  <system-out/>
</testsuite> <!-- com.TestCases.LoginAppService -->
