<?xml version="1.0" encoding="UTF-8"?>
<!-- Generated by org.testng.reporters.JUnitReportReporter -->
<testsuite hostname="LAPTOP-6OACLVLF" failures="0" tests="1" name="com.Cucumber_Project.TestRunner" time="7.458" errors="0" timestamp="2021-10-27T21:22:49 IST" skipped="0">
  <testcase classname="com.Cucumber_Project.TestRunner" name="runScenario" time="7.458"/>
  <system-out/>
</testsuite> <!-- com.Cucumber_Project.TestRunner -->
